<?xml version="1.0" encoding="UTF-8"?>
<!-- Generated by org.testng.reporters.JUnitXMLReporter -->
<testsuite ignored="0" hostname="Radhekrishna-NUC" failures="1" tests="1" name="SeleniumRestart" time="9.143" errors="0" timestamp="2024-03-18T21:31:47 IST">
  <testcase classname="DataDriven.SampleTestNG" name="@BeforeClass setUp" time="8.869">
    <failure type="java.lang.RuntimeException" message="java.io.FileNotFoundException: C:\Users\Radhekrishna-NUC\IdeaProjects\SeleniumRestart\datafiles\ExcelData.xlsx (The system cannot find the file specified)">
      <![CDATA[java.lang.RuntimeException: java.io.FileNotFoundException: C:\Users\Radhekrishna-NUC\IdeaProjects\SeleniumRestart\datafiles\ExcelData.xlsx (The system cannot find the file specified)
at DataDriven.ExcelUtility.setExcelFile(ExcelUtility.java:23)
at DataDriven.SampleTestNG.setUp(SampleTestNG.java:29)
at java.base/java.util.ArrayList.forEach(ArrayList.java:1596)
at com.intellij.rt.testng.IDEARemoteTestNG.run(IDEARemoteTestNG.java:65)
at com.intellij.rt.testng.RemoteTestNGStarter.main(RemoteTestNGStarter.java:105)
Caused by: java.io.FileNotFoundException: C:\Users\Radhekrishna-NUC\IdeaProjects\SeleniumRestart\datafiles\ExcelData.xlsx (The system cannot find the file specified)
at java.base/java.io.FileInputStream.open0(Native Method)
at java.base/java.io.FileInputStream.open(FileInputStream.java:213)
at java.base/java.io.FileInputStream.<init>(FileInputStream.java:152)
at java.base/java.io.FileInputStream.<init>(FileInputStream.java:106)
at DataDriven.ExcelUtility.setExcelFile(ExcelUtility.java:19)
... 24 more
... Removed 20 stack frames]]>
    </failure>
  </testcase> <!-- @BeforeClass setUp -->
  <testcase classname="DataDriven.SampleTestNG" name="@AfterClass tearDown" time="0.0">
    <skipped/>
  </testcase> <!-- @AfterClass tearDown -->
  <testcase classname="DataDriven.SampleTestNG" name="testUsingExcel" time="0.0">
    <failure type="org.testng.TestNGException" message="
Data Provider public java.lang.Object[][] DataDriven.SampleTestNG.dataProvider() returned a null value">
      <![CDATA[org.testng.TestNGException: 
Data Provider public java.lang.Object[][] DataDriven.SampleTestNG.dataProvider() returned a null value
at java.base/java.util.ArrayList.forEach(ArrayList.java:1596)
at com.intellij.rt.testng.IDEARemoteTestNG.run(IDEARemoteTestNG.java:65)
at com.intellij.rt.testng.RemoteTestNGStarter.main(RemoteTestNGStarter.java:105)
... Removed 21 stack frames]]>
    </failure>
  </testcase> <!-- testUsingExcel -->
</testsuite> <!-- SeleniumRestart -->
