<?xml version="1.0" encoding="UTF-8"?>
<!-- Generated by org.testng.reporters.JUnitXMLReporter -->
<testsuite ignored="0" hostname="Radhekrishna-NUC" failures="1" tests="3" name="Application Test" time="0.047" errors="0" timestamp="2024-03-07T20:38:55 IST">
  <testcase classname="testngCheck.TestNG_ReportersAndLogs" name="testMethod2" time="0.006">
    <failure type="java.lang.AssertionError" message="expected [true] but found [false]">
      <![CDATA[java.lang.AssertionError: expected [true] but found [false]
at testngCheck.TestNG_ReportersAndLogs.testMethod2(TestNG_ReportersAndLogs.java:42)
at java.base/java.util.ArrayList.forEach(ArrayList.java:1596)
at com.intellij.rt.testng.IDEARemoteTestNG.run(IDEARemoteTestNG.java:65)
at com.intellij.rt.testng.RemoteTestNGStarter.main(RemoteTestNGStarter.java:105)
... Removed 26 stack frames]]>
    </failure>
  </testcase> <!-- testMethod2 -->
  <testcase classname="testngCheck.TestNG_ReportersAndLogs" name="testMethod1" time="0.0"/>
  <testcase classname="testngCheck.TestNG_ReportersAndLogs" name="testMethod3" time="0.001">
    <skipped/>
  </testcase> <!-- testMethod3 -->
</testsuite> <!-- Application Test -->
