<?xml version="1.0" encoding="UTF-8"?>
<testng-results ignored="0" total="1" passed="1" failed="0" skipped="0">
  <reporter-output>
  </reporter-output>
  <suite started-at="2024-03-11T21:51:35 IST" name="Default Suite" finished-at="2024-03-11T21:51:45 IST" duration-ms="9953">
    <groups>
    </groups>
    <test started-at="2024-03-11T21:51:35 IST" name="SeleniumRestart" finished-at="2024-03-11T21:51:45 IST" duration-ms="9953">
      <class name="ExtentReports.Test1">
        <test-method is-config="true" signature="beforeClass()[pri:0, instance:ExtentReports.Test1@7c469c48]" started-at="2024-03-11T21:51:35 IST" name="beforeClass" finished-at="2024-03-11T21:51:41 IST" duration-ms="5434" status="PASS">
          <reporter-output>
          </reporter-output>
        </test-method> <!-- beforeClass -->
        <test-method signature="test1_validationLoginTest()[pri:0, instance:ExtentReports.Test1@7c469c48]" started-at="2024-03-11T21:51:41 IST" name="test1_validationLoginTest" finished-at="2024-03-11T21:51:45 IST" duration-ms="4334" status="PASS">
          <reporter-output>
          </reporter-output>
        </test-method> <!-- test1_validationLoginTest -->
        <test-method is-config="true" signature="afterClass()[pri:0, instance:ExtentReports.Test1@7c469c48]" started-at="2024-03-11T21:51:45 IST" name="afterClass" finished-at="2024-03-11T21:51:45 IST" duration-ms="165" status="PASS">
          <reporter-output>
          </reporter-output>
        </test-method> <!-- afterClass -->
      </class> <!-- ExtentReports.Test1 -->
    </test> <!-- SeleniumRestart -->
  </suite> <!-- Default Suite -->
</testng-results>
