<?xml version="1.0" encoding="UTF-8"?>
<testng-results ignored="0" total="1" passed="1" failed="0" skipped="0">
  <reporter-output>
  </reporter-output>
  <suite started-at="2024-03-08T19:09:28 IST" name="Default Suite" finished-at="2024-03-08T19:09:35 IST" duration-ms="6988">
    <groups>
    </groups>
    <test started-at="2024-03-08T19:09:28 IST" name="SeleniumRestart" finished-at="2024-03-08T19:09:35 IST" duration-ms="6988">
      <class name="ExtentReports.SeleniumLoginTestWithAventstackExtentReports">
        <test-method is-config="true" signature="beforeClass()[pri:0, instance:ExtentReports.SeleniumLoginTestWithAventstackExtentReports@7a4ccb53]" started-at="2024-03-08T19:09:28 IST" name="beforeClass" finished-at="2024-03-08T19:09:34 IST" duration-ms="5677" status="PASS">
          <reporter-output>
          </reporter-output>
        </test-method> <!-- beforeClass -->
        <test-method signature="test()[pri:0, instance:ExtentReports.SeleniumLoginTestWithAventstackExtentReports@7a4ccb53]" started-at="2024-03-08T19:09:34 IST" name="test" finished-at="2024-03-08T19:09:35 IST" duration-ms="928" status="PASS">
          <reporter-output>
          </reporter-output>
        </test-method> <!-- test -->
        <test-method is-config="true" signature="tearDown()[pri:0, instance:ExtentReports.SeleniumLoginTestWithAventstackExtentReports@7a4ccb53]" started-at="2024-03-08T19:09:35 IST" name="tearDown" finished-at="2024-03-08T19:09:35 IST" duration-ms="361" status="PASS">
          <reporter-output>
          </reporter-output>
        </test-method> <!-- tearDown -->
      </class> <!-- ExtentReports.SeleniumLoginTestWithAventstackExtentReports -->
    </test> <!-- SeleniumRestart -->
  </suite> <!-- Default Suite -->
</testng-results>
