<?xml version="1.0" encoding="UTF-8"?>
<testng-results ignored="0" total="1" passed="1" failed="0" skipped="0">
  <reporter-output>
  </reporter-output>
  <suite started-at="2024-03-10T20:31:38 IST" name="Default Suite" finished-at="2024-03-10T20:31:46 IST" duration-ms="7703">
    <groups>
    </groups>
    <test started-at="2024-03-10T20:31:38 IST" name="SeleniumRestart" finished-at="2024-03-10T20:31:46 IST" duration-ms="7703">
      <class name="ExtentReports.SeleniumLoginTestWithScreenshot">
        <test-method is-config="true" signature="beforeClass()[pri:0, instance:ExtentReports.SeleniumLoginTestWithScreenshot@15b204a1]" started-at="2024-03-10T20:31:38 IST" name="beforeClass" finished-at="2024-03-10T20:31:45 IST" duration-ms="6401" status="PASS">
          <reporter-output>
          </reporter-output>
        </test-method> <!-- beforeClass -->
        <test-method signature="test()[pri:0, instance:ExtentReports.SeleniumLoginTestWithScreenshot@15b204a1]" started-at="2024-03-10T20:31:45 IST" name="test" finished-at="2024-03-10T20:31:46 IST" duration-ms="903" status="PASS">
          <reporter-output>
          </reporter-output>
        </test-method> <!-- test -->
        <test-method is-config="true" signature="tearDown(org.testng.ITestResult)[pri:0, instance:ExtentReports.SeleniumLoginTestWithScreenshot@15b204a1]" started-at="2024-03-10T20:31:46 IST" name="tearDown" finished-at="2024-03-10T20:31:46 IST" duration-ms="378" status="PASS">
          <params>
            <param index="0">
              <value>
                <![CDATA[[TestResult name=test status=SUCCESS method=SeleniumLoginTestWithScreenshot.test()[pri:0, instance:ExtentReports.SeleniumLoginTestWithScreenshot@15b204a1] output={null}]]]>
              </value>
            </param>
          </params>
          <reporter-output>
          </reporter-output>
        </test-method> <!-- tearDown -->
      </class> <!-- ExtentReports.SeleniumLoginTestWithScreenshot -->
    </test> <!-- SeleniumRestart -->
  </suite> <!-- Default Suite -->
</testng-results>
