<?xml version="1.0" encoding="UTF-8"?>
<testng-results ignored="0" total="1" passed="1" failed="0" skipped="0">
  <reporter-output>
  </reporter-output>
  <suite started-at="2024-03-08T17:26:23 IST" name="Default Suite" finished-at="2024-03-08T17:26:51 IST" duration-ms="27954">
    <groups>
    </groups>
    <test started-at="2024-03-08T17:26:23 IST" name="SeleniumRestart" finished-at="2024-03-08T17:26:51 IST" duration-ms="27954">
      <class name="ExtentReports.SeleniumLoginTest">
        <test-method is-config="true" signature="beforeClass()[pri:0, instance:ExtentReports.SeleniumLoginTest@79efed2d]" started-at="2024-03-08T17:26:23 IST" name="beforeClass" finished-at="2024-03-08T17:26:50 IST" duration-ms="26903" status="PASS">
          <reporter-output>
          </reporter-output>
        </test-method> <!-- beforeClass -->
        <test-method signature="test()[pri:0, instance:ExtentReports.SeleniumLoginTest@79efed2d]" started-at="2024-03-08T17:26:50 IST" name="test" finished-at="2024-03-08T17:26:51 IST" duration-ms="893" status="PASS">
          <reporter-output>
          </reporter-output>
        </test-method> <!-- test -->
        <test-method is-config="true" signature="tearDown()[pri:0, instance:ExtentReports.SeleniumLoginTest@79efed2d]" started-at="2024-03-08T17:26:51 IST" name="tearDown" finished-at="2024-03-08T17:26:51 IST" duration-ms="134" status="PASS">
          <reporter-output>
          </reporter-output>
        </test-method> <!-- tearDown -->
      </class> <!-- ExtentReports.SeleniumLoginTest -->
    </test> <!-- SeleniumRestart -->
  </suite> <!-- Default Suite -->
</testng-results>
